2025-08-28 04:40:43,318 - INFO - Checking for updates to resources.json in case models have been updated.  Note: this behavior can be turned off with download_method=None or download_method=DownloadMethod.REUSE_RESOURCES
2025-08-28 04:40:43,824 - INFO - Downloaded file to C:\Users\berat\stanza_resources\resources.json
2025-08-28 04:40:43,835 - WARNING - Language tr package default expects mwt, which has been added
2025-08-28 04:41:35,101 - INFO - Loading these models for language: tr (Turkish):
===========================
| Processor | Package     |
---------------------------
| tokenize  | imst        |
| mwt       | imst        |
| pos       | imst_charlm |
| ner       | starlang    |
===========================

2025-08-28 04:41:35,102 - INFO - Using device: cpu
2025-08-28 04:41:35,102 - INFO - Loading: tokenize
2025-08-28 04:41:36,274 - INFO - Loading: mwt
2025-08-28 04:41:36,286 - INFO - Loading: pos
2025-08-28 04:41:37,823 - INFO - Loading: ner
2025-08-28 04:41:39,536 - INFO - Done loading processors!
2025-08-28 04:41:39,536 - INFO - Stanza Turkish model loaded successfully
2025-08-28 04:41:39,857 - INFO - Imported existing <module 'comtypes.gen' from 'c:\\Users\\berat\\AppData\\Local\\Programs\\Python\\Python313\\Lib\\site-packages\\comtypes\\gen\\__init__.py'>
2025-08-28 04:41:39,857 - INFO - Using writeable comtypes cache directory: 'c:\Users\berat\AppData\Local\Programs\Python\Python313\Lib\site-packages\comtypes\gen'
2025-08-28 04:41:40,166 - INFO - Database initialized
2025-08-28 04:42:07,102 - INFO - Item added: a2767cbf1040147eedb6a52be00c77b1.jpg in category genel
2025-08-28 04:42:16,498 - INFO - Item added: marche in category genel
2025-08-28 04:42:27,744 - INFO - Assistant started
2025-08-28 04:43:08,570 - INFO - Command logged: babayý aç
2025-08-28 04:43:08,823 - INFO - App opened: a2767cbf1040147eedb6a52be00c77b1.jpg
2025-08-28 04:43:23,780 - INFO - Command logged: sunucu klasörünü
2025-08-28 04:43:23,938 - WARNING - Unrecognized command: sunucu klasörünü
2025-08-28 04:43:58,209 - INFO - Command logged: hava durumu ara
2025-08-28 04:43:58,403 - INFO - Search executed: hava durumu
2025-08-28 04:44:13,391 - INFO - Command logged: python programlamayý bulur musun
2025-08-28 04:44:13,592 - INFO - Search executed: python programlamayý ur musun
2025-08-28 04:44:39,230 - INFO - Command logged: en iyi filmleri ara
2025-08-28 04:44:39,406 - INFO - Search executed: en iyi filmleri
2025-08-28 04:45:00,412 - INFO - Command logged: Ýstanbul hava durumu
2025-08-28 04:45:00,592 - INFO - Search executed: i\u0307stan hava durumu
2025-08-28 04:45:19,066 - INFO - Command logged: 1 dakika sonrasýna
2025-08-28 04:45:19,215 - WARNING - Unrecognized command: 1 dakika sonrasýna
2025-08-28 04:45:32,019 - INFO - Command logged: bugün 046
2025-08-28 04:45:32,181 - INFO - Search executed: bugün 046
2025-08-28 04:45:52,062 - INFO - Command logged: Market alýþveriþini hatýrlat 1800
2025-08-28 04:45:52,143 - INFO - Reminder added: market alýþveriþini  1800 at 10:00
2025-08-28 04:45:52,247 - INFO - Reminder set: Hatýrlatýcý eklendi: market alýþveriþini  1800 saat 10:00
2025-08-28 04:46:23,095 - INFO - Command logged: Uyku moduna al
2025-08-28 04:47:03,334 - INFO - System command executed: uyku
2025-08-28 04:47:19,631 - INFO - Command logged: tamam
2025-08-28 04:47:19,787 - INFO - Search executed: tamam
2025-08-28 04:47:32,124 - INFO - Command logged: en sevdiðim
2025-08-28 04:47:32,169 - INFO - Command logged: babayý aç
2025-08-28 04:47:32,380 - INFO - App opened: a2767cbf1040147eedb6a52be00c77b1.jpg
2025-08-28 04:48:18,195 - INFO - Command logged: bugün 17'de markete git hatýrlat
2025-08-28 04:48:18,409 - INFO - Search executed: bugün 17'de markete git hatýrlat
